C:\KDE\MGADMIN3\MIRACLEADMIN\MIRACLEADMIN.EXE
C:\KDE\MGAdmin3\MiracleAdmin\MiracleAdmin.ilk
C:\KDE\MGAdmin3\MiracleAdmin\MiracleAdmin.pdb
C:\KDE\MGADMIN3\MIRACLEADMIN\MIRACLEADMIN\GENERATEDFILES\QRC_MGMAIN.CPP
C:\KDE\MGADMIN3\MIRACLEADMIN\MIRACLEADMIN\GENERATEDFILES\RELEASE\MOC_MGMAIN.CPP
C:\KDE\MGADMIN3\MIRACLEADMIN\MIRACLEADMIN\GENERATEDFILES\UI_MGMAIN.H
C:\KDE\MGAdmin3\MiracleAdmin\MiracleAdmin\Release\cl.command.1.tlog
C:\KDE\MGAdmin3\MiracleAdmin\MiracleAdmin\Release\CL.read.1.tlog
C:\KDE\MGAdmin3\MiracleAdmin\MiracleAdmin\Release\CL.write.1.tlog
C:\KDE\MGAdmin3\MiracleAdmin\MiracleAdmin\Release\custombuild.command.1.tlog
C:\KDE\MGAdmin3\MiracleAdmin\MiracleAdmin\Release\custombuild.read.1.tlog
C:\KDE\MGAdmin3\MiracleAdmin\MiracleAdmin\Release\custombuild.write.1.tlog
C:\KDE\MGAdmin3\MiracleAdmin\MiracleAdmin\Release\link.2504.read.1.tlog
C:\KDE\MGAdmin3\MiracleAdmin\MiracleAdmin\Release\link.2504.write.1.tlog
C:\KDE\MGAdmin3\MiracleAdmin\MiracleAdmin\Release\link.2504-cvtres.read.1.tlog
C:\KDE\MGAdmin3\MiracleAdmin\MiracleAdmin\Release\link.2504-cvtres.write.1.tlog
C:\KDE\MGAdmin3\MiracleAdmin\MiracleAdmin\Release\link.3020.read.1.tlog
C:\KDE\MGAdmin3\MiracleAdmin\MiracleAdmin\Release\link.3020.write.1.tlog
C:\KDE\MGAdmin3\MiracleAdmin\MiracleAdmin\Release\link.3020-cvtres.read.1.tlog
C:\KDE\MGAdmin3\MiracleAdmin\MiracleAdmin\Release\link.3020-cvtres.write.1.tlog
C:\KDE\MGAdmin3\MiracleAdmin\MiracleAdmin\Release\link.3288.read.1.tlog
C:\KDE\MGAdmin3\MiracleAdmin\MiracleAdmin\Release\link.3288.write.1.tlog
C:\KDE\MGAdmin3\MiracleAdmin\MiracleAdmin\Release\link.3288-cvtres.read.1.tlog
C:\KDE\MGAdmin3\MiracleAdmin\MiracleAdmin\Release\link.3288-cvtres.write.1.tlog
C:\KDE\MGAdmin3\MiracleAdmin\MiracleAdmin\Release\link.3676.read.1.tlog
C:\KDE\MGAdmin3\MiracleAdmin\MiracleAdmin\Release\link.3676.write.1.tlog
C:\KDE\MGAdmin3\MiracleAdmin\MiracleAdmin\Release\link.3676-cvtres.read.1.tlog
C:\KDE\MGAdmin3\MiracleAdmin\MiracleAdmin\Release\link.3676-cvtres.write.1.tlog
C:\KDE\MGAdmin3\MiracleAdmin\MiracleAdmin\Release\link.3920.read.1.tlog
C:\KDE\MGAdmin3\MiracleAdmin\MiracleAdmin\Release\link.3920.write.1.tlog
C:\KDE\MGAdmin3\MiracleAdmin\MiracleAdmin\Release\link.3920-cvtres.read.1.tlog
C:\KDE\MGAdmin3\MiracleAdmin\MiracleAdmin\Release\link.3920-cvtres.write.1.tlog
C:\KDE\MGAdmin3\MiracleAdmin\MiracleAdmin\Release\link.4076.read.1.tlog
C:\KDE\MGAdmin3\MiracleAdmin\MiracleAdmin\Release\link.4076.write.1.tlog
C:\KDE\MGAdmin3\MiracleAdmin\MiracleAdmin\Release\link.4076-cvtres.read.1.tlog
C:\KDE\MGAdmin3\MiracleAdmin\MiracleAdmin\Release\link.4076-cvtres.write.1.tlog
C:\KDE\MGAdmin3\MiracleAdmin\MiracleAdmin\Release\link.4136.read.1.tlog
C:\KDE\MGAdmin3\MiracleAdmin\MiracleAdmin\Release\link.4136.write.1.tlog
C:\KDE\MGAdmin3\MiracleAdmin\MiracleAdmin\Release\link.4136-cvtres.read.1.tlog
C:\KDE\MGAdmin3\MiracleAdmin\MiracleAdmin\Release\link.4136-cvtres.write.1.tlog
C:\KDE\MGAdmin3\MiracleAdmin\MiracleAdmin\Release\link.4708.read.1.tlog
C:\KDE\MGAdmin3\MiracleAdmin\MiracleAdmin\Release\link.4708.write.1.tlog
C:\KDE\MGAdmin3\MiracleAdmin\MiracleAdmin\Release\link.4708-cvtres.read.1.tlog
C:\KDE\MGAdmin3\MiracleAdmin\MiracleAdmin\Release\link.4708-cvtres.write.1.tlog
C:\KDE\MGAdmin3\MiracleAdmin\MiracleAdmin\Release\link.4816.read.1.tlog
C:\KDE\MGAdmin3\MiracleAdmin\MiracleAdmin\Release\link.4816.write.1.tlog
C:\KDE\MGAdmin3\MiracleAdmin\MiracleAdmin\Release\link.4816-cvtres.read.1.tlog
C:\KDE\MGAdmin3\MiracleAdmin\MiracleAdmin\Release\link.4816-cvtres.write.1.tlog
C:\KDE\MGAdmin3\MiracleAdmin\MiracleAdmin\Release\link.5032.read.1.tlog
C:\KDE\MGAdmin3\MiracleAdmin\MiracleAdmin\Release\link.5032.write.1.tlog
C:\KDE\MGAdmin3\MiracleAdmin\MiracleAdmin\Release\link.5032-cvtres.read.1.tlog
C:\KDE\MGAdmin3\MiracleAdmin\MiracleAdmin\Release\link.5032-cvtres.write.1.tlog
C:\KDE\MGAdmin3\MiracleAdmin\MiracleAdmin\Release\link.5140.read.1.tlog
C:\KDE\MGAdmin3\MiracleAdmin\MiracleAdmin\Release\link.5140.write.1.tlog
C:\KDE\MGAdmin3\MiracleAdmin\MiracleAdmin\Release\link.5140-cvtres.read.1.tlog
C:\KDE\MGAdmin3\MiracleAdmin\MiracleAdmin\Release\link.5140-cvtres.write.1.tlog
C:\KDE\MGAdmin3\MiracleAdmin\MiracleAdmin\Release\link.5168.read.1.tlog
C:\KDE\MGAdmin3\MiracleAdmin\MiracleAdmin\Release\link.5168.write.1.tlog
C:\KDE\MGAdmin3\MiracleAdmin\MiracleAdmin\Release\link.5168-cvtres.read.1.tlog
C:\KDE\MGAdmin3\MiracleAdmin\MiracleAdmin\Release\link.5168-cvtres.write.1.tlog
C:\KDE\MGAdmin3\MiracleAdmin\MiracleAdmin\Release\link.5408.read.1.tlog
C:\KDE\MGAdmin3\MiracleAdmin\MiracleAdmin\Release\link.5408.write.1.tlog
C:\KDE\MGAdmin3\MiracleAdmin\MiracleAdmin\Release\link.5408-cvtres.read.1.tlog
C:\KDE\MGAdmin3\MiracleAdmin\MiracleAdmin\Release\link.5408-cvtres.write.1.tlog
C:\KDE\MGAdmin3\MiracleAdmin\MiracleAdmin\Release\link.5500.read.1.tlog
C:\KDE\MGAdmin3\MiracleAdmin\MiracleAdmin\Release\link.5500.write.1.tlog
C:\KDE\MGAdmin3\MiracleAdmin\MiracleAdmin\Release\link.5500-cvtres.read.1.tlog
C:\KDE\MGAdmin3\MiracleAdmin\MiracleAdmin\Release\link.5500-cvtres.write.1.tlog
C:\KDE\MGAdmin3\MiracleAdmin\MiracleAdmin\Release\link.5724.read.1.tlog
C:\KDE\MGAdmin3\MiracleAdmin\MiracleAdmin\Release\link.5724.write.1.tlog
C:\KDE\MGAdmin3\MiracleAdmin\MiracleAdmin\Release\link.5724-cvtres.read.1.tlog
C:\KDE\MGAdmin3\MiracleAdmin\MiracleAdmin\Release\link.5724-cvtres.write.1.tlog
C:\KDE\MGAdmin3\MiracleAdmin\MiracleAdmin\Release\link.5904.read.1.tlog
C:\KDE\MGAdmin3\MiracleAdmin\MiracleAdmin\Release\link.5904.write.1.tlog
C:\KDE\MGAdmin3\MiracleAdmin\MiracleAdmin\Release\link.5904-cvtres.read.1.tlog
C:\KDE\MGAdmin3\MiracleAdmin\MiracleAdmin\Release\link.5904-cvtres.write.1.tlog
C:\KDE\MGAdmin3\MiracleAdmin\MiracleAdmin\Release\link.command.1.tlog
C:\KDE\MGAdmin3\MiracleAdmin\MiracleAdmin\Release\link.read.1.tlog
C:\KDE\MGAdmin3\MiracleAdmin\MiracleAdmin\Release\link.write.1.tlog
C:\KDE\MGADMIN3\MIRACLEADMIN\MIRACLEADMIN\RELEASE\MAIN.OBJ
C:\KDE\MGADMIN3\MIRACLEADMIN\MIRACLEADMIN\RELEASE\MGMAIN.OBJ
C:\KDE\MGADMIN3\MIRACLEADMIN\MIRACLEADMIN\RELEASE\MIRACLEADMIN.EXE.INTERMEDIATE.MANIFEST
C:\KDE\MGADMIN3\MIRACLEADMIN\MIRACLEADMIN\RELEASE\MIRACLEADMIN.PCH
C:\KDE\MGADMIN3\MIRACLEADMIN\MIRACLEADMIN\RELEASE\MIRACLEADMIN.RES
C:\KDE\MGADMIN3\MIRACLEADMIN\MIRACLEADMIN\RELEASE\MOC_MGMAIN.OBJ
C:\KDE\MGAdmin3\MiracleAdmin\MiracleAdmin\Release\mt.command.1.tlog
C:\KDE\MGAdmin3\MiracleAdmin\MiracleAdmin\Release\mt.read.1.tlog
C:\KDE\MGAdmin3\MiracleAdmin\MiracleAdmin\Release\mt.write.1.tlog
C:\KDE\MGADMIN3\MIRACLEADMIN\MIRACLEADMIN\RELEASE\QRC_MGMAIN.OBJ
C:\KDE\MGAdmin3\MiracleAdmin\MiracleAdmin\Release\rc.command.1.tlog
C:\KDE\MGAdmin3\MiracleAdmin\MiracleAdmin\Release\rc.read.1.tlog
C:\KDE\MGAdmin3\MiracleAdmin\MiracleAdmin\Release\rc.write.1.tlog
C:\KDE\MGADMIN3\MIRACLEADMIN\MIRACLEADMIN\RELEASE\STDAFX.OBJ
