C:\KDE\MGADMIN3\MIRACLEADMIN\MIRACLEADMIN.EXE
C:\KDE\MGADMIN3\MIRACLEADMIN\MIRACLEADMIN.ILK
C:\KDE\MGADMIN3\MIRACLEADMIN\MIRACLEADMIN.PDB
C:\KDE\MGAdmin3\MiracleAdmin\MiracleAdmin\Debug\cl.command.1.tlog
C:\KDE\MGAdmin3\MiracleAdmin\MiracleAdmin\Debug\CL.read.1.tlog
C:\KDE\MGAdmin3\MiracleAdmin\MiracleAdmin\Debug\CL.write.1.tlog
C:\KDE\MGAdmin3\MiracleAdmin\MiracleAdmin\Debug\custombuild.command.1.tlog
C:\KDE\MGAdmin3\MiracleAdmin\MiracleAdmin\Debug\custombuild.read.1.tlog
C:\KDE\MGAdmin3\MiracleAdmin\MiracleAdmin\Debug\custombuild.write.1.tlog
C:\KDE\MGAdmin3\MiracleAdmin\MiracleAdmin\Debug\link.command.1.tlog
C:\KDE\MGAdmin3\MiracleAdmin\MiracleAdmin\Debug\link.read.1.tlog
C:\KDE\MGAdmin3\MiracleAdmin\MiracleAdmin\Debug\link.read.2.tlog
C:\KDE\MGAdmin3\MiracleAdmin\MiracleAdmin\Debug\link.write.1.tlog
C:\KDE\MGAdmin3\MiracleAdmin\MiracleAdmin\Debug\link-cvtres.read.1.tlog
C:\KDE\MGAdmin3\MiracleAdmin\MiracleAdmin\Debug\link-cvtres.write.1.tlog
C:\KDE\MGADMIN3\MIRACLEADMIN\MIRACLEADMIN\DEBUG\MAIN.OBJ
C:\KDE\MGADMIN3\MIRACLEADMIN\MIRACLEADMIN\DEBUG\MGMAIN.OBJ
C:\KDE\MGADMIN3\MIRACLEADMIN\MIRACLEADMIN\DEBUG\MIRACLEADMIN.EXE.INTERMEDIATE.MANIFEST
C:\KDE\MGADMIN3\MIRACLEADMIN\MIRACLEADMIN\DEBUG\MIRACLEADMIN.PCH
C:\KDE\MGADMIN3\MIRACLEADMIN\MIRACLEADMIN\DEBUG\MIRACLEADMIN.RES
C:\KDE\MGADMIN3\MIRACLEADMIN\MIRACLEADMIN\DEBUG\MOC_MGMAIN.OBJ
C:\KDE\MGAdmin3\MiracleAdmin\MiracleAdmin\Debug\mt.command.1.tlog
C:\KDE\MGAdmin3\MiracleAdmin\MiracleAdmin\Debug\mt.read.1.tlog
C:\KDE\MGAdmin3\MiracleAdmin\MiracleAdmin\Debug\mt.write.1.tlog
C:\KDE\MGADMIN3\MIRACLEADMIN\MIRACLEADMIN\DEBUG\QRC_MGMAIN.OBJ
C:\KDE\MGAdmin3\MiracleAdmin\MiracleAdmin\Debug\rc.command.1.tlog
C:\KDE\MGAdmin3\MiracleAdmin\MiracleAdmin\Debug\rc.read.1.tlog
C:\KDE\MGAdmin3\MiracleAdmin\MiracleAdmin\Debug\rc.write.1.tlog
C:\KDE\MGADMIN3\MIRACLEADMIN\MIRACLEADMIN\DEBUG\STDAFX.OBJ
C:\KDE\MGAdmin3\MiracleAdmin\MiracleAdmin\Debug\vc100.pdb
C:\KDE\MGADMIN3\MIRACLEADMIN\MIRACLEADMIN\GENERATEDFILES\DEBUG\MOC_MGMAIN.CPP
C:\KDE\MGADMIN3\MIRACLEADMIN\MIRACLEADMIN\GENERATEDFILES\QRC_MGMAIN.CPP
C:\KDE\MGADMIN3\MIRACLEADMIN\MIRACLEADMIN\GENERATEDFILES\UI_MGMAIN.H
